# JRE version: OpenJDK Runtime Environment (8.0_152-b06) (build 1.8.0_152-release-1136-b06)
# Java VM: OpenJDK 64-Bit Server VM (25.152-b06 mixed mode windows-amd64 compressed oops)
Heap:
 PSYoungGen      total 363008K, used 341059K [0x00000000e0000000, 0x00000000fc100000, 0x0000000100000000)
  eden space 298496K, 93% used [0x00000000e0000000,0x00000000f1092108,0x00000000f2380000)
  from space 64512K, 96% used [0x00000000f6c00000,0x00000000fa8b9780,0x00000000fab00000)
  to   space 74240K, 0% used [0x00000000f2380000,0x00000000f2380000,0x00000000f6c00000)
 ParOldGen       total 229888K, used 132702K [0x00000000a0000000, 0x00000000ae080000, 0x00000000e0000000)
  object space 229888K, 57% used [0x00000000a0000000,0x00000000a8197940,0x00000000ae080000)
 Metaspace       used 87890K, capacity 90933K, committed 91096K, reserved 1128448K
  class space    used 11223K, capacity 11924K, committed 12032K, reserved 1048576K
GC Heap History (10 events):
Event: 15.360 GC heap before
{Heap before GC invocations=13 (full 3):
 PSYoungGen      total 230912K, used 208384K [0x00000000e0000000, 0x00000000f4d80000, 0x0000000100000000)
  eden space 208384K, 100% used [0x00000000e0000000,0x00000000ecb80000,0x00000000ecb80000)
  from space 22528K, 0% used [0x00000000ecb80000,0x00000000ecb80000,0x00000000ee180000)
  to   space 26112K, 0% used [0x00000000f3400000,0x00000000f3400000,0x00000000f4d80000)
 ParOldGen       total 229888K, used 36120K [0x00000000a0000000, 0x00000000ae080000, 0x00000000e0000000)
  object space 229888K, 15% used [0x00000000a0000000,0x00000000a23460f0,0x00000000ae080000)
 Metaspace       used 62699K, capacity 64373K, committed 64728K, reserved 1105920K
  class space    used 8401K, capacity 8852K, committed 8960K, reserved 1048576K
Event: 15.369 GC heap after
Heap after GC invocations=13 (full 3):
 PSYoungGen      total 264704K, used 16601K [0x00000000e0000000, 0x00000000f4480000, 0x0000000100000000)
  eden space 247808K, 0% used [0x00000000e0000000,0x00000000e0000000,0x00000000ef200000)
  from space 16896K, 98% used [0x00000000f3400000,0x00000000f4436798,0x00000000f4480000)
  to   space 26112K, 0% used [0x00000000f1180000,0x00000000f1180000,0x00000000f2b00000)
 ParOldGen       total 229888K, used 36128K [0x00000000a0000000, 0x00000000ae080000, 0x00000000e0000000)
  object space 229888K, 15% used [0x00000000a0000000,0x00000000a23480f0,0x00000000ae080000)
 Metaspace       used 62699K, capacity 64373K, committed 64728K, reserved 1105920K
  class space    used 8401K, capacity 8852K, committed 8960K, reserved 1048576K
}
Event: 24.678 GC heap before
{Heap before GC invocations=14 (full 3):
 PSYoungGen      total 264704K, used 264409K [0x00000000e0000000, 0x00000000f4480000, 0x0000000100000000)
  eden space 247808K, 100% used [0x00000000e0000000,0x00000000ef200000,0x00000000ef200000)
  from space 16896K, 98% used [0x00000000f3400000,0x00000000f4436798,0x00000000f4480000)
  to   space 26112K, 0% used [0x00000000f1180000,0x00000000f1180000,0x00000000f2b00000)
 ParOldGen       total 229888K, used 36128K [0x00000000a0000000, 0x00000000ae080000, 0x00000000e0000000)
  object space 229888K, 15% used [0x00000000a0000000,0x00000000a23480f0,0x00000000ae080000)
 Metaspace       used 64667K, capacity 66345K, committed 66648K, reserved 1107968K
  class space    used 8583K, capacity 9030K, committed 9088K, reserved 1048576K
Event: 24.686 GC heap after
Heap after GC invocations=14 (full 3):
 PSYoungGen      total 306176K, used 13828K [0x00000000e0000000, 0x00000000f4800000, 0x0000000100000000)
  eden space 280064K, 0% used [0x00000000e0000000,0x00000000e0000000,0x00000000f1180000)
  from space 26112K, 52% used [0x00000000f1180000,0x00000000f1f01000,0x00000000f2b00000)
  to   space 24576K, 0% used [0x00000000f3000000,0x00000000f3000000,0x00000000f4800000)
 ParOldGen       total 229888K, used 36136K [0x00000000a0000000, 0x00000000ae080000, 0x00000000e0000000)
  object space 229888K, 15% used [0x00000000a0000000,0x00000000a234a0f0,0x00000000ae080000)
 Metaspace       used 64667K, capacity 66345K, committed 66648K, reserved 1107968K
  class space    used 8583K, capacity 9030K, committed 9088K, reserved 1048576K
}
Event: 27.325 GC heap before
{Heap before GC invocations=15 (full 3):
 PSYoungGen      total 306176K, used 293892K [0x00000000e0000000, 0x00000000f4800000, 0x0000000100000000)
  eden space 280064K, 100% used [0x00000000e0000000,0x00000000f1180000,0x00000000f1180000)
  from space 26112K, 52% used [0x00000000f1180000,0x00000000f1f01000,0x00000000f2b00000)
  to   space 24576K, 0% used [0x00000000f3000000,0x00000000f3000000,0x00000000f4800000)
 ParOldGen       total 229888K, used 36136K [0x00000000a0000000, 0x00000000ae080000, 0x00000000e0000000)
  object space 229888K, 15% used [0x00000000a0000000,0x00000000a234a0f0,0x00000000ae080000)
 Metaspace       used 76257K, capacity 78093K, committed 78424K, reserved 1118208K
  class space    used 9839K, capacity 10326K, committed 10368K, reserved 1048576K
Event: 27.358 GC heap after
Heap after GC invocations=15 (full 3):
 PSYoungGen      total 292352K, used 24573K [0x00000000e0000000, 0x00000000f9300000, 0x0000000100000000)
  eden space 267776K, 0% used [0x00000000e0000000,0x00000000e0000000,0x00000000f0580000)
  from space 24576K, 99% used [0x00000000f3000000,0x00000000f47ff4e0,0x00000000f4800000)
  to   space 43520K, 0% used [0x00000000f0580000,0x00000000f0580000,0x00000000f3000000)
 ParOldGen       total 229888K, used 79051K [0x00000000a0000000, 0x00000000ae080000, 0x00000000e0000000)
  object space 229888K, 34% used [0x00000000a0000000,0x00000000a4d32c50,0x00000000ae080000)
 Metaspace       used 76257K, capacity 78093K, committed 78424K, reserved 1118208K
  class space    used 9839K, capacity 10326K, committed 10368K, reserved 1048576K
}
Event: 34.053 GC heap before
{Heap before GC invocations=16 (full 3):
 PSYoungGen      total 292352K, used 292349K [0x00000000e0000000, 0x00000000f9300000, 0x0000000100000000)
  eden space 267776K, 100% used [0x00000000e0000000,0x00000000f0580000,0x00000000f0580000)
  from space 24576K, 99% used [0x00000000f3000000,0x00000000f47ff4e0,0x00000000f4800000)
  to   space 43520K, 0% used [0x00000000f0580000,0x00000000f0580000,0x00000000f3000000)
 ParOldGen       total 229888K, used 79051K [0x00000000a0000000, 0x00000000ae080000, 0x00000000e0000000)
  object space 229888K, 34% used [0x00000000a0000000,0x00000000a4d32c50,0x00000000ae080000)
 Metaspace       used 77800K, capacity 79629K, committed 79832K, reserved 1118208K
  class space    used 9926K, capacity 10390K, committed 10496K, reserved 1048576K
Event: 34.100 GC heap after
Heap after GC invocations=16 (full 3):
 PSYoungGen      total 311296K, used 43506K [0x00000000e0000000, 0x00000000fab00000, 0x0000000100000000)
  eden space 267776K, 0% used [0x00000000e0000000,0x00000000e0000000,0x00000000f0580000)
  from space 43520K, 99% used [0x00000000f0580000,0x00000000f2ffcbc8,0x00000000f3000000)
  to   space 64512K, 0% used [0x00000000f6c00000,0x00000000f6c00000,0x00000000fab00000)
 ParOldGen       total 229888K, used 117784K [0x00000000a0000000, 0x00000000ae080000, 0x00000000e0000000)
  object space 229888K, 51% used [0x00000000a0000000,0x00000000a73063a0,0x00000000ae080000)
 Metaspace       used 77800K, capacity 79629K, committed 79832K, reserved 1118208K
  class space    used 9926K, capacity 10390K, committed 10496K, reserved 1048576K
}
Event: 37.015 GC heap before
{Heap before GC invocations=17 (full 3):
 PSYoungGen      total 311296K, used 311282K [0x00000000e0000000, 0x00000000fab00000, 0x0000000100000000)
  eden space 267776K, 100% used [0x00000000e0000000,0x00000000f0580000,0x00000000f0580000)
  from space 43520K, 99% used [0x00000000f0580000,0x00000000f2ffcbc8,0x00000000f3000000)
  to   space 64512K, 0% used [0x00000000f6c00000,0x00000000f6c00000,0x00000000fab00000)
 ParOldGen       total 229888K, used 117784K [0x00000000a0000000, 0x00000000ae080000, 0x00000000e0000000)
  object space 229888K, 51% used [0x00000000a0000000,0x00000000a73063a0,0x00000000ae080000)
 Metaspace       used 87024K, capacity 90083K, committed 90200K, reserved 1128448K
  class space    used 11151K, capacity 11855K, committed 11904K, reserved 1048576K
Event: 37.057 GC heap after
Heap after GC invocations=17 (full 3):
 PSYoungGen      total 363008K, used 62181K [0x00000000e0000000, 0x00000000fc100000, 0x0000000100000000)
  eden space 298496K, 0% used [0x00000000e0000000,0x00000000e0000000,0x00000000f2380000)
  from space 64512K, 96% used [0x00000000f6c00000,0x00000000fa8b9780,0x00000000fab00000)
  to   space 74240K, 0% used [0x00000000f2380000,0x00000000f2380000,0x00000000f6c00000)
 ParOldGen       total 229888K, used 132702K [0x00000000a0000000, 0x00000000ae080000, 0x00000000e0000000)
  object space 229888K, 57% used [0x00000000a0000000,0x00000000a8197940,0x00000000ae080000)
 Metaspace       used 87024K, capacity 90083K, committed 90200K, reserved 1128448K
  class space    used 11151K, capacity 11855K, committed 11904K, reserved 1048576K
}

